All variables are granular. MAX_EVAL is set to 2700 to prevent algorithm from circling around best solution indefinitely
Version 4.3.1 
 
NOMAD 4 has been created by 
    Viviane Rochon Montplaisir 
    Christophe Tribes 

The copyright of NOMAD 4 is owned by 
    Charles Audet 
    Sebastien Le Digabel 
    Viviane Rochon Montplaisir 
    Christophe Tribes 

NOMAD 4 has been funded by Rio Tinto, Hydro-Québec, Huawei-Canada, 
 NSERC (Natural Sciences and Engineering Research Council of Canada), 
 InnovÉÉ (Innovation en Énergie Électrique) and 
 IVADO (The Institute for Data Valorization) 

Download  : https://www.gerad.ca/nomad or 
 https://github.com/bbopt/nomad 
License   : see LICENSE file 
User guide: https://nomad-4-user-guide.readthedocs.io 
Help      : run nomad -h KEYWORD on the command line 
Examples  : see 'examples' directory 

Please report bugs to nomad@gerad.ca or 
create an issue at https://github.com/bbopt/nomad 


[D 231221 10:14:26 bb:102] 1
BBE OBJ
1   1
[D 231221 11:29:23 bb:102] 1
[2023-12-21 12:41:29,614] torch.distributed.elastic.agent.server.api: [WARNING] Received 1 death signal, shutting down workers
[2023-12-21 12:41:29,615] torch.distributed.elastic.multiprocessing.api: [WARNING] Sending process 3971265 closing signal SIGHUP
[2023-12-21 12:41:29,629] torch.distributed.elastic.multiprocessing.api: [WARNING] Sending process 3971266 closing signal SIGHUP
[2023-12-21 12:41:29,629] torch.distributed.elastic.multiprocessing.api: [WARNING] Sending process 3971267 closing signal SIGHUP
[2023-12-21 12:41:29,629] torch.distributed.elastic.multiprocessing.api: [WARNING] Sending process 3971268 closing signal SIGHUP
Traceback (most recent call last):
  File "/local1/benasach/.venv/bin/torchrun", line 8, in <module>
    sys.exit(main())
             ^^^^^^
  File "/local1/benasach/.venv/lib/python3.11/site-packages/torch/distributed/elastic/multiprocessing/errors/__init__.py", line 346, in wrapper
    return f(*args, **kwargs)
           ^^^^^^^^^^^^^^^^^^
  File "/local1/benasach/.venv/lib/python3.11/site-packages/torch/distributed/run.py", line 806, in main
    run(args)
  File "/local1/benasach/.venv/lib/python3.11/site-packages/torch/distributed/run.py", line 797, in run
    elastic_launch(
  File "/local1/benasach/.venv/lib/python3.11/site-packages/torch/distributed/launcher/api.py", line 134, in __call__
    return launch_agent(self._config, self._entrypoint, list(args))
           ^^^^^^^^^^^^^^^^^^^^^^^^^^^^^^^^^^^^^^^^^^^^^^^^^^^^^^^^
  File "/local1/benasach/.venv/lib/python3.11/site-packages/torch/distributed/launcher/api.py", line 255, in launch_agent
    result = agent.run()
             ^^^^^^^^^^^
  File "/local1/benasach/.venv/lib/python3.11/site-packages/torch/distributed/elastic/metrics/api.py", line 124, in wrapper
    result = f(*args, **kwargs)
             ^^^^^^^^^^^^^^^^^^
  File "/local1/benasach/.venv/lib/python3.11/site-packages/torch/distributed/elastic/agent/server/api.py", line 736, in run
    result = self._invoke_run(role)
             ^^^^^^^^^^^^^^^^^^^^^^
  File "/local1/benasach/.venv/lib/python3.11/site-packages/torch/distributed/elastic/agent/server/api.py", line 877, in _invoke_run
    time.sleep(monitor_interval)
  File "/local1/benasach/.venv/lib/python3.11/site-packages/torch/distributed/elastic/multiprocessing/api.py", line 62, in _terminate_process_handler
    raise SignalException(f"Process {os.getpid()} got signal: {sigval}", sigval=sigval)
torch.distributed.elastic.multiprocessing.api.SignalException: Process 3971263 got signal: 1
Traceback (most recent call last):
  File "/home/benasach/dev/Nomad_HPO_Llama-2_With_LoRa/bbo3/./bb.py", line 116, in <module>
    validation_loss, validation_runtime, train_loss, train_runtime = network_eval(lora_params, params)
                                                                     ^^^^^^^^^^^^^^^^^^^^^^^^^^^^^^^^^
  File "/home/benasach/dev/Nomad_HPO_Llama-2_With_LoRa/bbo3/./bb.py", line 87, in network_eval
    validation_loss = d["eval_loss"]
                      ~^^^^^^^^^^^^^
KeyError: 'eval_loss'
Warning: Evaluation error with point #1 ( 1 12 2 )	Evaluation error	 f = inf	 h = inf: output is empty
Warning: Evaluator returned exit status 256 for point: ( 1 12 2 )
[D 231221 12:41:31 bb:102] 1
Warning: Evaluator returned exit status 256 for point: ( 1 12 2 )
2   1
[D 231221 13:56:28 bb:102] 1
3   1
[D 231221 15:11:45 bb:102] 1
[D 231221 16:26:47 bb:102] 1
5   1
[D 231221 17:42:44 bb:102] 1
[D 231221 18:58:42 bb:102] 1
[D 231221 20:14:34 bb:102] 1
[D 231221 21:30:26 bb:102] 1
[D 231221 22:45:48 bb:102] 1
[D 231222 00:01:40 bb:102] 1
[D 231222 01:16:37 bb:102] 1
[D 231222 02:32:29 bb:102] 1
13   1
[D 231222 03:47:46 bb:102] 1
[D 231222 05:03:04 bb:102] 1
[D 231222 06:18:56 bb:102] 1
[D 231222 07:34:53 bb:102] 1
[D 231222 08:50:45 bb:102] 1
[D 231222 10:06:37 bb:102] 1
[D 231222 11:22:09 bb:102] 1
[D 231222 12:37:26 bb:102] 1
[D 231222 13:53:14 bb:102] 1
[D 231222 15:09:01 bb:102] 1
[D 231222 16:23:58 bb:102] 1
[D 231222 17:39:50 bb:102] 1
[D 231222 18:55:07 bb:102] 1
[D 231222 20:10:59 bb:102] 1
[D 231222 21:26:52 bb:102] 1
[D 231222 22:42:09 bb:102] 1
[D 231222 23:58:01 bb:102] 1
[D 231223 01:13:38 bb:102] 1
31   1
[D 231223 02:29:00 bb:102] 1
[D 231223 03:44:23 bb:102] 1
[D 231223 04:59:40 bb:102] 1
[D 231223 06:14:57 bb:102] 1
[D 231223 07:30:54 bb:102] 1
[D 231223 08:46:11 bb:102] 1
[D 231223 10:01:43 bb:102] 1
[D 231223 11:17:00 bb:102] 1
[D 231223 12:32:12 bb:102] 1
[D 231223 13:47:09 bb:102] 1
[D 231223 15:02:42 bb:102] 1
[D 231223 16:18:44 bb:102] 1
[D 231223 17:34:36 bb:102] 1
[D 231223 18:49:58 bb:102] 1
[D 231223 20:05:55 bb:102] 1
[D 231223 21:21:27 bb:102] 1
[D 231223 22:36:49 bb:102] 1
[D 231223 23:52:11 bb:102] 1
49   1
[D 231224 01:08:14 bb:102] 1
A termination criterion is reached: Maximum number of blackbox evaluations (Eval Global) 50

Best feasible solution:     #9299 ( 5 20 2 )	Evaluation OK	 f =   0.81935715675354003906	 h =   0                     

Best infeasible solution:   Undefined.

Blackbox evaluations:               50
Blackbox evaluation (not counting): 1
Total model evaluations:            8009
Cache hits:                         27
Total number of evaluations:        78
